

*******************************************************************************
Sat Oct  1 19:17:50 2016


FIT:    data read from "tiempos_busqueda.dat"
        format = z
        #datapoints = 10000
        residuals are weighted equally (unit weight)

function used for fitting: f(x)
	f(x) = a*x + b
fitted parameters initialized with current variable values

iter      chisq       delta/lim  lambda   a             b            
   0 3.3338433266e+15   0.00e+00  4.08e+05    1.000000e+00   1.000000e+00
   9 3.1414138838e-06  -9.44e-11  4.08e-03    3.657497e-09   3.471486e-06

After 9 iterations the fit converged.
final sum of squares of residuals : 3.14141e-06
rel. change during last iteration : -9.4372e-16

degrees of freedom    (FIT_NDF)                        : 9998
rms of residuals      (FIT_STDFIT) = sqrt(WSSR/ndf)    : 1.77258e-05
variance of residuals (reduced chisquare) = WSSR/ndf   : 3.14204e-10

Final set of parameters            Asymptotic Standard Error
=======================            ==========================
a               = 3.6575e-09       +/- 6.14e-13     (0.01679%)
b               = 3.47149e-06      +/- 3.545e-07    (10.21%)

correlation matrix of the fit parameters:
                a      b      
a               1.000 
b              -0.866  1.000 
