

*******************************************************************************
Sun Oct 16 18:49:42 2016


FIT:    data read from "tiempos_matrices.dat"
        format = z
        x range restricted to [-77.5191 : 1094.36]
        #datapoints = 597
        residuals are weighted equally (unit weight)

function used for fitting: f(x)
	f(x) = a*x*x*x + b*x*x + c*x + d
fitted parameters initialized with current variable values

iter      chisq       delta/lim  lambda   a             b             c             d            
   0 3.9913174663e+18   0.00e+00  4.08e+07    1.000000e+00   1.000000e+00   1.000000e+00   1.000000e+00
  11 1.6260988315e+00  -1.07e-08  4.08e-04    1.122764e-08  -1.973017e-06   2.875988e-04  -9.454252e-03

After 11 iterations the fit converged.
final sum of squares of residuals : 1.6261
rel. change during last iteration : -1.07056e-13

degrees of freedom    (FIT_NDF)                        : 593
rms of residuals      (FIT_STDFIT) = sqrt(WSSR/ndf)    : 0.0523656
variance of residuals (reduced chisquare) = WSSR/ndf   : 0.00274216

Final set of parameters            Asymptotic Standard Error
=======================            ==========================
a               = 1.12276e-08      +/- 5.33e-10     (4.747%)
b               = -1.97302e-06     +/- 4.88e-07     (24.73%)
c               = 0.000287599      +/- 0.0001267    (44.06%)
d               = -0.00945425      +/- 0.008846     (93.56%)

correlation matrix of the fit parameters:
                a      b      c      d      
a               1.000 
b              -0.986  1.000 
c               0.918 -0.969  1.000 
d              -0.674  0.756 -0.873  1.000 
